Determining if the pthread_create exist failed with the following output:
Change Dir: /home/nagy/git/Egyetem/port_versions/ports_two_way_inf(inf_teszt)/teszt_p.model/buid/CMakeFiles/CMakeTmp

Run Build Command:"/usr/bin/ninja" "cmTC_ce4cb"
[1/2] Building C object CMakeFiles/cmTC_ce4cb.dir/CheckSymbolExists.c.o
[2/2] Linking C executable cmTC_ce4cb
FAILED: : && /usr/bin/cc     CMakeFiles/cmTC_ce4cb.dir/CheckSymbolExists.c.o  -o cmTC_ce4cb  -rdynamic && :
CMakeFiles/cmTC_ce4cb.dir/CheckSymbolExists.c.o: In function `main':
CheckSymbolExists.c:(.text+0x16): undefined reference to `pthread_create'
collect2: error: ld returned 1 exit status
ninja: build stopped: subcommand failed.

File /home/nagy/git/Egyetem/port_versions/ports_two_way_inf(inf_teszt)/teszt_p.model/buid/CMakeFiles/CMakeTmp/CheckSymbolExists.c:
/* */
#include <pthread.h>

int main(int argc, char** argv)
{
  (void)argv;
#ifndef pthread_create
  return ((int*)(&pthread_create))[argc];
#else
  (void)argc;
  return 0;
#endif
}

Determining if the function pthread_create exists in the pthreads failed with the following output:
Change Dir: /home/nagy/git/Egyetem/port_versions/ports_two_way_inf(inf_teszt)/teszt_p.model/buid/CMakeFiles/CMakeTmp

Run Build Command:"/usr/bin/ninja" "cmTC_1f2a9"
[1/2] Building C object CMakeFiles/cmTC_1f2a9.dir/CheckFunctionExists.c.o
[2/2] Linking C executable cmTC_1f2a9
FAILED: : && /usr/bin/cc  -DCHECK_FUNCTION_EXISTS=pthread_create   CMakeFiles/cmTC_1f2a9.dir/CheckFunctionExists.c.o  -o cmTC_1f2a9  -rdynamic -lpthreads && :
/usr/bin/ld: cannot find -lpthreads
collect2: error: ld returned 1 exit status
ninja: build stopped: subcommand failed.


Performing C++ SOURCE FILE Test WNOERROR_UNUSEDPRIVATEFIELD failed with the following output:
Change Dir: /home/nagy/git/Egyetem/port_versions/ports_two_way_inf(inf_teszt)/teszt_p.model/buid/CMakeFiles/CMakeTmp

Run Build Command:"/usr/bin/ninja" "cmTC_9118e"
[1/2] Building CXX object CMakeFiles/cmTC_9118e.dir/src.cxx.o
FAILED: /usr/bin/c++     -DWNOERROR_UNUSEDPRIVATEFIELD   -Wno-error=unused-private-field -o CMakeFiles/cmTC_9118e.dir/src.cxx.o -c src.cxx
cc1plus: error: -Werror=unused-private-field: no option -Wunused-private-field
ninja: build stopped: subcommand failed.

Source file was:
int main() { return 0; }
